{"level":"info","message":"Servidor rodando na porta: 3000","timestamp":"29/10/2025 - 11:46:03"}
{"body":{"email":"diegoVaz@gmail.com","senha":"#12345678aA"},"ip":"::1","level":"http","message":"[POST] /clientes/login","timestamp":"29/10/2025 - 11:51:46"}
{"clientVersion":"5.18.0","level":"error","message":"[ERRO NO LOGIN] Falha inesperada ao tentar logar diegoVaz@gmail.com \nInvalid `prisma.cliente.findFirst()` invocation in\nC:\\Users\\Usuario\\OneDrive\\Documents\\testeWinston\\4-Semestre-Proj-Aluguel-API\\routes\\clientes.ts:116:47\n\n  113     return res.status(429).json({ erro: \"Muitas tentativas falhas. Conta bloqueada temporariamente.\" }) // 429 = Too Many Requests\n  114 }\n  115 \n→ 116 const clientes = await prisma.cliente.findFirst(\nCan't reach database server at `ep-sparkling-boat-acyy3t74-pooler.sa-east-1.aws.neon.tech:5432`\n\nPlease make sure your database server is running at `ep-sparkling-boat-acyy3t74-pooler.sa-east-1.aws.neon.tech:5432`.","name":"PrismaClientInitializationError","stack":"PrismaClientInitializationError: \nInvalid `prisma.cliente.findFirst()` invocation in\nC:\\Users\\Usuario\\OneDrive\\Documents\\testeWinston\\4-Semestre-Proj-Aluguel-API\\routes\\clientes.ts:116:47\n\n  113     return res.status(429).json({ erro: \"Muitas tentativas falhas. Conta bloqueada temporariamente.\" }) // 429 = Too Many Requests\n  114 }\n  115 \n→ 116 const clientes = await prisma.cliente.findFirst(\nCan't reach database server at `ep-sparkling-boat-acyy3t74-pooler.sa-east-1.aws.neon.tech:5432`\n\nPlease make sure your database server is running at `ep-sparkling-boat-acyy3t74-pooler.sa-east-1.aws.neon.tech:5432`.\n    at _n.handleRequestError (C:\\Users\\Usuario\\OneDrive\\Documents\\testeWinston\\4-Semestre-Proj-Aluguel-API\\node_modules\\@prisma\\client\\runtime\\library.js:121:8049)\n    at _n.handleAndLogRequestError (C:\\Users\\Usuario\\OneDrive\\Documents\\testeWinston\\4-Semestre-Proj-Aluguel-API\\node_modules\\@prisma\\client\\runtime\\library.js:121:7057)\n    at _n.request (C:\\Users\\Usuario\\OneDrive\\Documents\\testeWinston\\4-Semestre-Proj-Aluguel-API\\node_modules\\@prisma\\client\\runtime\\library.js:121:6741)\n    at l (C:\\Users\\Usuario\\OneDrive\\Documents\\testeWinston\\4-Semestre-Proj-Aluguel-API\\node_modules\\@prisma\\client\\runtime\\library.js:130:9355)\n    at C:\\Users\\Usuario\\OneDrive\\Documents\\testeWinston\\4-Semestre-Proj-Aluguel-API\\routes\\clientes.ts:116:26","timestamp":"29/10/2025 - 11:51:46"}
{"body":{"email":"diegoVaz@gmail.com","senha":"#12345678aA"},"ip":"::1","level":"http","message":"[POST] /clientes/login","timestamp":"29/10/2025 - 11:52:49"}
{"clientVersion":"5.18.0","level":"error","message":"[ERRO NO LOGIN] Falha inesperada ao tentar logar diegoVaz@gmail.com \nInvalid `prisma.cliente.findFirst()` invocation in\nC:\\Users\\Usuario\\OneDrive\\Documents\\testeWinston\\4-Semestre-Proj-Aluguel-API\\routes\\clientes.ts:116:47\n\n  113     return res.status(429).json({ erro: \"Muitas tentativas falhas. Conta bloqueada temporariamente.\" }) // 429 = Too Many Requests\n  114 }\n  115 \n→ 116 const clientes = await prisma.cliente.findFirst(\nCan't reach database server at `ep-sparkling-boat-acyy3t74-pooler.sa-east-1.aws.neon.tech:5432`\n\nPlease make sure your database server is running at `ep-sparkling-boat-acyy3t74-pooler.sa-east-1.aws.neon.tech:5432`.","name":"PrismaClientInitializationError","stack":"PrismaClientInitializationError: \nInvalid `prisma.cliente.findFirst()` invocation in\nC:\\Users\\Usuario\\OneDrive\\Documents\\testeWinston\\4-Semestre-Proj-Aluguel-API\\routes\\clientes.ts:116:47\n\n  113     return res.status(429).json({ erro: \"Muitas tentativas falhas. Conta bloqueada temporariamente.\" }) // 429 = Too Many Requests\n  114 }\n  115 \n→ 116 const clientes = await prisma.cliente.findFirst(\nCan't reach database server at `ep-sparkling-boat-acyy3t74-pooler.sa-east-1.aws.neon.tech:5432`\n\nPlease make sure your database server is running at `ep-sparkling-boat-acyy3t74-pooler.sa-east-1.aws.neon.tech:5432`.\n    at _n.handleRequestError (C:\\Users\\Usuario\\OneDrive\\Documents\\testeWinston\\4-Semestre-Proj-Aluguel-API\\node_modules\\@prisma\\client\\runtime\\library.js:121:8049)\n    at _n.handleAndLogRequestError (C:\\Users\\Usuario\\OneDrive\\Documents\\testeWinston\\4-Semestre-Proj-Aluguel-API\\node_modules\\@prisma\\client\\runtime\\library.js:121:7057)\n    at _n.request (C:\\Users\\Usuario\\OneDrive\\Documents\\testeWinston\\4-Semestre-Proj-Aluguel-API\\node_modules\\@prisma\\client\\runtime\\library.js:121:6741)\n    at l (C:\\Users\\Usuario\\OneDrive\\Documents\\testeWinston\\4-Semestre-Proj-Aluguel-API\\node_modules\\@prisma\\client\\runtime\\library.js:130:9355)\n    at C:\\Users\\Usuario\\OneDrive\\Documents\\testeWinston\\4-Semestre-Proj-Aluguel-API\\routes\\clientes.ts:116:26","timestamp":"29/10/2025 - 11:52:49"}
{"level":"info","message":"Servidor rodando na porta: 3000","timestamp":"29/10/2025 - 11:57:33"}
{"body":{"email":"tiagoPereira@admin.com","senha":"#12345678aA"},"ip":"::1","level":"http","message":"[POST] /admins/login","timestamp":"29/10/2025 - 11:59:06"}
{"ip":"::1","level":"http","message":"[GET] /dashboard/gerais","timestamp":"29/10/2025 - 11:59:09"}
{"ip":"::1","level":"http","message":"[GET] /dashboard/topFerramentas","timestamp":"29/10/2025 - 11:59:09"}
{"ip":"::1","level":"http","message":"[GET] /dashboard/topMarcas","timestamp":"29/10/2025 - 11:59:09"}
{"ip":"::1","level":"http","message":"[GET] /dashboard/reservasCategoria","timestamp":"29/10/2025 - 11:59:09"}
{"ip":"::1","level":"http","message":"[GET] /dashboard/novosClientesMes","timestamp":"29/10/2025 - 11:59:09"}
{"ip":"::1","level":"http","message":"[GET] /dashboard/novosClientesMes","timestamp":"29/10/2025 - 11:59:09"}
{"ip":"::1","level":"http","message":"[GET] /dashboard/topFerramentas","timestamp":"29/10/2025 - 11:59:10"}
{"ip":"::1","level":"http","message":"[GET] /dashboard/gerais","timestamp":"29/10/2025 - 11:59:10"}
{"ip":"::1","level":"http","message":"[GET] /dashboard/topMarcas","timestamp":"29/10/2025 - 11:59:10"}
{"ip":"::1","level":"http","message":"[GET] /dashboard/reservasCategoria","timestamp":"29/10/2025 - 11:59:10"}
{"body":{"email":"diegoVaz@gmail.com","senha":"#12345678aA"},"ip":"::1","level":"http","message":"[POST] /clientes/login","timestamp":"29/10/2025 - 11:59:47"}
{"level":"info","message":"Login bem-sucedido para cliente: Diego Vaz (diegoVaz@gmail.com)","timestamp":"29/10/2025 - 11:59:48"}
{"ip":"::1","level":"http","message":"[GET] /ferramentas","timestamp":"29/10/2025 - 11:59:48"}
{"ip":"::1","level":"http","message":"[GET] /ferramentas","timestamp":"29/10/2025 - 11:59:49"}
{"ip":"::1","level":"http","message":"[GET] /ferramentas/10","timestamp":"29/10/2025 - 12:00:15"}
{"ip":"::1","level":"http","message":"[GET] /ferramentas/10","timestamp":"29/10/2025 - 12:00:15"}
{"body":{"clienteId":"5f431e71-bbff-4659-925d-157eebcbae14","dataFim":"2025-10-30T03:00:00.000Z","dataInicio":"2025-10-29T15:00:15.460Z","descricao":"sdsdsdsdsd","ferramentaId":10},"ip":"::1","level":"http","message":"[POST] /reservas","timestamp":"29/10/2025 - 12:00:36"}
{"ip":"::1","level":"http","message":"[GET] /ferramentas","timestamp":"29/10/2025 - 12:00:37"}
{"ip":"::1","level":"http","message":"[GET] /ferramentas","timestamp":"29/10/2025 - 12:00:37"}
{"body":{"email":"diegoVaz@gmail.com","senha":"dnsjabhdbsaBHD"},"ip":"::1","level":"http","message":"[POST] /clientes/login","timestamp":"29/10/2025 - 12:01:40"}
{"level":"warn","message":"Tentativa de login falhou (senha incorreta) para: diegoVaz@gmail.com. Tentativa 1/3.","timestamp":"29/10/2025 - 12:01:41"}
{"body":{"email":"diegoVaz@gmail.com","senha":"DSAdsd"},"ip":"::1","level":"http","message":"[POST] /clientes/login","timestamp":"29/10/2025 - 12:01:55"}
{"level":"warn","message":"Tentativa de login falhou (senha incorreta) para: diegoVaz@gmail.com. Tentativa 2/3.","timestamp":"29/10/2025 - 12:01:55"}
{"body":{"email":"diegoVaz@gmail.com","senha":"dfsafdasfdsa"},"ip":"::1","level":"http","message":"[POST] /clientes/login","timestamp":"29/10/2025 - 12:01:58"}
{"level":"warn","message":"Tentativa de login falhou (senha incorreta) para: diegoVaz@gmail.com. Tentativa 3/3.","timestamp":"29/10/2025 - 12:01:58"}
{"body":{"email":"diegoVaz@gmail.com","senha":"fdsafsafdsaf"},"ip":"::1","level":"http","message":"[POST] /clientes/login","timestamp":"29/10/2025 - 12:02:05"}
{"level":"error","message":"[BLOQUEIO] Tentativa de login para diegoVaz@gmail.com bloqueada (excesso de tentativas). IP: ::1","timestamp":"29/10/2025 - 12:02:05"}
{"body":{"email":"diegoVaz@gmail.com","senha":"#12345678aA"},"ip":"::1","level":"http","message":"[POST] /clientes/login","timestamp":"29/10/2025 - 13:27:35"}
{"level":"error","message":"[BLOQUEIO] Tentativa de login para diegoVaz@gmail.com bloqueada (excesso de tentativas). IP: ::1","timestamp":"29/10/2025 - 13:27:35"}
{"body":{"email":"miguelGrequi@gmail.com","senha":"#12345678aA"},"ip":"::1","level":"http","message":"[POST] /clientes/login","timestamp":"29/10/2025 - 13:27:56"}
{"clientVersion":"5.18.0","code":"P1001","level":"error","message":"[ERRO NO LOGIN] Falha inesperada ao tentar logar miguelGrequi@gmail.com \nInvalid `prisma.cliente.findFirst()` invocation in\nC:\\Users\\Usuario\\OneDrive\\Documents\\testeWinston\\4-Semestre-Proj-Aluguel-API\\routes\\clientes.ts:116:47\n\n  113     return res.status(429).json({ erro: \"Muitas tentativas falhas. Conta bloqueada temporariamente.\" }) // 429 = Too Many Requests\n  114 }\n  115 \n→ 116 const clientes = await prisma.cliente.findFirst(\nCan't reach database server at `ep-sparkling-boat-acyy3t74-pooler.sa-east-1.aws.neon.tech:5432`\n\nPlease make sure your database server is running at `ep-sparkling-boat-acyy3t74-pooler.sa-east-1.aws.neon.tech:5432`.","meta":{"database_host":"ep-sparkling-boat-acyy3t74-pooler.sa-east-1.aws.neon.tech","database_port":5432,"modelName":"Cliente"},"name":"PrismaClientKnownRequestError","stack":"PrismaClientKnownRequestError: \nInvalid `prisma.cliente.findFirst()` invocation in\nC:\\Users\\Usuario\\OneDrive\\Documents\\testeWinston\\4-Semestre-Proj-Aluguel-API\\routes\\clientes.ts:116:47\n\n  113     return res.status(429).json({ erro: \"Muitas tentativas falhas. Conta bloqueada temporariamente.\" }) // 429 = Too Many Requests\n  114 }\n  115 \n→ 116 const clientes = await prisma.cliente.findFirst(\nCan't reach database server at `ep-sparkling-boat-acyy3t74-pooler.sa-east-1.aws.neon.tech:5432`\n\nPlease make sure your database server is running at `ep-sparkling-boat-acyy3t74-pooler.sa-east-1.aws.neon.tech:5432`.\n    at _n.handleRequestError (C:\\Users\\Usuario\\OneDrive\\Documents\\testeWinston\\4-Semestre-Proj-Aluguel-API\\node_modules\\@prisma\\client\\runtime\\library.js:121:7749)\n    at _n.handleAndLogRequestError (C:\\Users\\Usuario\\OneDrive\\Documents\\testeWinston\\4-Semestre-Proj-Aluguel-API\\node_modules\\@prisma\\client\\runtime\\library.js:121:7057)\n    at _n.request (C:\\Users\\Usuario\\OneDrive\\Documents\\testeWinston\\4-Semestre-Proj-Aluguel-API\\node_modules\\@prisma\\client\\runtime\\library.js:121:6741)\n    at l (C:\\Users\\Usuario\\OneDrive\\Documents\\testeWinston\\4-Semestre-Proj-Aluguel-API\\node_modules\\@prisma\\client\\runtime\\library.js:130:9355)\n    at C:\\Users\\Usuario\\OneDrive\\Documents\\testeWinston\\4-Semestre-Proj-Aluguel-API\\routes\\clientes.ts:116:26","timestamp":"29/10/2025 - 13:27:56"}
{"body":{"email":"tiagoPereira@admin.com","senha":"#12345678aA"},"ip":"::1","level":"http","message":"[POST] /admins/login","timestamp":"29/10/2025 - 13:28:39"}
{"body":{"email":"tiagoPereira@admin.com","senha":"#12345678aA"},"ip":"::1","level":"http","message":"[POST] /admins/login","timestamp":"29/10/2025 - 13:29:04"}
{"level":"info","message":"Servidor rodando na porta: 3000","timestamp":"29/10/2025 - 13:29:35"}
{"body":{"email":"tiagoPereira@admin.com","senha":"#12345678aA"},"ip":"::1","level":"http","message":"[POST] /admins/login","timestamp":"29/10/2025 - 13:29:54"}
{"body":{"email":"tiago@admin.com","senha":"#12345678aA"},"ip":"::1","level":"http","message":"[POST] /admins/login","timestamp":"29/10/2025 - 13:30:16"}
{"body":{"email":"diegoVaz@gmail.com","senha":"#12345678aA"},"ip":"::1","level":"http","message":"[POST] /clientes/login","timestamp":"29/10/2025 - 13:31:09"}
{"level":"info","message":"Login bem-sucedido para cliente: Diego Vaz (diegoVaz@gmail.com)","timestamp":"29/10/2025 - 13:31:11"}
{"ip":"::1","level":"http","message":"[GET] /ferramentas","timestamp":"29/10/2025 - 13:31:12"}
{"ip":"::1","level":"http","message":"[GET] /ferramentas","timestamp":"29/10/2025 - 13:31:13"}
{"ip":"::1","level":"http","message":"[GET] /ferramentas/9","timestamp":"29/10/2025 - 13:31:19"}
{"ip":"::1","level":"http","message":"[GET] /ferramentas/9","timestamp":"29/10/2025 - 13:31:19"}
{"body":{"clienteId":"5f431e71-bbff-4659-925d-157eebcbae14","dataFim":"2025-11-07T03:00:00.000Z","dataInicio":"2025-10-29T16:31:19.302Z","descricao":"dsdsadsada","ferramentaId":9},"ip":"::1","level":"http","message":"[POST] /reservas","timestamp":"29/10/2025 - 13:31:28"}
{"ip":"::1","level":"http","message":"[GET] /ferramentas","timestamp":"29/10/2025 - 13:31:29"}
{"ip":"::1","level":"http","message":"[GET] /ferramentas","timestamp":"29/10/2025 - 13:31:30"}
{"body":{"email":"diegoVaz@gmail.com","senha":"sasasasass"},"ip":"::1","level":"http","message":"[POST] /clientes/login","timestamp":"29/10/2025 - 13:32:15"}
{"level":"warn","message":"Tentativa de login falhou (senha incorreta) para: diegoVaz@gmail.com. Tentativa 1/3.","timestamp":"29/10/2025 - 13:32:15"}
{"body":{"email":"diegoVaz@gmail.com","senha":"sasasasa"},"ip":"::1","level":"http","message":"[POST] /clientes/login","timestamp":"29/10/2025 - 13:32:21"}
{"level":"warn","message":"Tentativa de login falhou (senha incorreta) para: diegoVaz@gmail.com. Tentativa 2/3.","timestamp":"29/10/2025 - 13:32:22"}
{"body":{"email":"diegoVaz@gmail.com","senha":"sasasasasa"},"ip":"::1","level":"http","message":"[POST] /clientes/login","timestamp":"29/10/2025 - 13:32:26"}
{"level":"warn","message":"Tentativa de login falhou (senha incorreta) para: diegoVaz@gmail.com. Tentativa 3/3.","timestamp":"29/10/2025 - 13:32:26"}
{"body":{"email":"diegoVaz@gmail.com","senha":"sasasasasasa"},"ip":"::1","level":"http","message":"[POST] /clientes/login","timestamp":"29/10/2025 - 13:32:31"}
{"level":"error","message":"[BLOQUEIO] Tentativa de login para diegoVaz@gmail.com bloqueada (excesso de tentativas). IP: ::1","timestamp":"29/10/2025 - 13:32:31"}
{"body":{"email":"diegoVaz@gmail.com","senha":"#12345678aA"},"ip":"::1","level":"http","message":"[POST] /clientes/login","timestamp":"29/10/2025 - 13:32:49"}
{"level":"error","message":"[BLOQUEIO] Tentativa de login para diegoVaz@gmail.com bloqueada (excesso de tentativas). IP: ::1","timestamp":"29/10/2025 - 13:32:49"}
{"body":{"email":"tiagoPereira@admin.com","senha":"#12345678aA"},"ip":"::1","level":"http","message":"[POST] /admins/login","timestamp":"29/10/2025 - 13:49:01"}
{"body":{"email":"tiagoPereira@admin.com","senha":"#12345678aA"},"ip":"::1","level":"http","message":"[POST] /admins/login","timestamp":"29/10/2025 - 13:49:35"}
{"ip":"::1","level":"http","message":"[GET] /dashboard/gerais","timestamp":"29/10/2025 - 13:49:38"}
{"ip":"::1","level":"http","message":"[GET] /dashboard/topFerramentas","timestamp":"29/10/2025 - 13:49:38"}
{"ip":"::1","level":"http","message":"[GET] /dashboard/topMarcas","timestamp":"29/10/2025 - 13:49:38"}
{"ip":"::1","level":"http","message":"[GET] /dashboard/reservasCategoria","timestamp":"29/10/2025 - 13:49:38"}
{"ip":"::1","level":"http","message":"[GET] /dashboard/novosClientesMes","timestamp":"29/10/2025 - 13:49:38"}
{"ip":"::1","level":"http","message":"[GET] /dashboard/reservasCategoria","timestamp":"29/10/2025 - 13:49:39"}
{"ip":"::1","level":"http","message":"[GET] /dashboard/novosClientesMes","timestamp":"29/10/2025 - 13:49:39"}
{"ip":"::1","level":"http","message":"[GET] /dashboard/gerais","timestamp":"29/10/2025 - 13:49:39"}
{"ip":"::1","level":"http","message":"[GET] /dashboard/topFerramentas","timestamp":"29/10/2025 - 13:49:39"}
{"ip":"::1","level":"http","message":"[GET] /dashboard/topMarcas","timestamp":"29/10/2025 - 13:49:39"}
{"ip":"::1","level":"http","message":"[GET] /admins","timestamp":"29/10/2025 - 13:49:59"}
{"ip":"::1","level":"http","message":"[GET] /admins","timestamp":"29/10/2025 - 13:49:59"}
{"body":{"adminId":"7f2d9d80-fcac-4c2d-9f21-cd75123547d2","email":"naianLourenco@gmail.com","nivel":"ADMIN","nome":"Naian Lourenço","senha":"#12345678aA"},"ip":"::1","level":"http","message":"[POST] /admins","timestamp":"29/10/2025 - 13:52:14"}
{"ip":"::1","level":"http","message":"[GET] /clientes","timestamp":"29/10/2025 - 13:52:18"}
{"ip":"::1","level":"http","message":"[GET] /clientes","timestamp":"29/10/2025 - 13:52:19"}
{"ip":"::1","level":"http","message":"[GET] /ferramentas","timestamp":"29/10/2025 - 13:52:59"}
{"ip":"::1","level":"http","message":"[GET] /ferramentas","timestamp":"29/10/2025 - 13:53:00"}
{"ip":"::1","level":"http","message":"[DELETE] /ferramentas/24","timestamp":"29/10/2025 - 13:53:40"}
{"ip":"::1","level":"http","message":"[GET] /reservas","timestamp":"29/10/2025 - 13:53:49"}
{"ip":"::1","level":"http","message":"[GET] /reservas","timestamp":"29/10/2025 - 13:53:50"}
{"ip":"::1","level":"http","message":"[DELETE] /reservas/50","timestamp":"29/10/2025 - 13:54:02"}
